0 info it worked if it ends with ok
1 verbose cli [ 'C:\\Program Files\\nodejs\\node.exe',
1 verbose cli   'C:\\Program Files\\nodejs\\node_modules\\npm\\bin\\npm-cli.js',
1 verbose cli   'install',
1 verbose cli   'require' ]
2 info using npm@2.15.0
3 info using node@v4.4.2
4 verbose install initial load of D:\GitHub\Angular-Node\package.json
5 warn package.json angular@1.0.0 No description
6 warn package.json angular@1.0.0 No README data
7 verbose installManyTop reading scoped package data from D:\GitHub\Angular-Node\node_modules\angular\package.json
8 verbose readDependencies loading dependencies from D:\GitHub\Angular-Node\package.json
9 silly cache add args [ 'require', null ]
10 verbose cache add spec require
11 silly cache add parsed spec Result {
11 silly cache add   raw: 'require',
11 silly cache add   scope: null,
11 silly cache add   name: 'require',
11 silly cache add   rawSpec: '',
11 silly cache add   spec: 'latest',
11 silly cache add   type: 'tag' }
12 silly addNamed require@latest
13 verbose addNamed "latest" is being treated as a dist-tag for require
14 info addNameTag [ 'require', 'latest' ]
15 silly mapToRegistry name require
16 silly mapToRegistry using default registry
17 silly mapToRegistry registry https://registry.npmjs.org/
18 silly mapToRegistry data Result {
18 silly mapToRegistry   raw: 'require',
18 silly mapToRegistry   scope: null,
18 silly mapToRegistry   name: 'require',
18 silly mapToRegistry   rawSpec: '',
18 silly mapToRegistry   spec: 'latest',
18 silly mapToRegistry   type: 'tag' }
19 silly mapToRegistry uri https://registry.npmjs.org/require
20 verbose addNameTag registry:https://registry.npmjs.org/require not in flight; fetching
21 verbose request uri https://registry.npmjs.org/require
22 verbose request no auth needed
23 info attempt registry request try #1 at 16:53:27
24 verbose request id 08ff3c37bd4e0a52
25 http request GET https://registry.npmjs.org/require
26 info retry will retry, error on last attempt: Error: getaddrinfo ENOTFOUND registry.npmjs.org registry.npmjs.org:443
27 info attempt registry request try #2 at 16:53:50
28 http request GET https://registry.npmjs.org/require
29 info retry will retry, error on last attempt: Error: getaddrinfo ENOTFOUND registry.npmjs.org registry.npmjs.org:443
30 info attempt registry request try #3 at 16:55:02
31 http request GET https://registry.npmjs.org/require
32 verbose stack Error: getaddrinfo ENOTFOUND registry.npmjs.org registry.npmjs.org:443
32 verbose stack     at errnoException (dns.js:27:10)
32 verbose stack     at GetAddrInfoReqWrap.onlookup [as oncomplete] (dns.js:78:26)
33 verbose cwd D:\GitHub\Angular-Node
34 error Windows_NT 6.1.7601
35 error argv "C:\\Program Files\\nodejs\\node.exe" "C:\\Program Files\\nodejs\\node_modules\\npm\\bin\\npm-cli.js" "install" "require"
36 error node v4.4.2
37 error npm  v2.15.0
38 error code ENOTFOUND
39 error errno ENOTFOUND
40 error syscall getaddrinfo
41 error network getaddrinfo ENOTFOUND registry.npmjs.org registry.npmjs.org:443
41 error network This is most likely not a problem with npm itself
41 error network and is related to network connectivity.
41 error network In most cases you are behind a proxy or have bad network settings.
41 error network
41 error network If you are behind a proxy, please make sure that the
41 error network 'proxy' config is set properly.  See: 'npm help config'
42 verbose exit [ 1, true ]
